[debug] [2024-03-15T13:51:39.734Z] ----------------------------------------------------------------------
[debug] [2024-03-15T13:51:39.737Z] Command:       C:\Program Files\nodejs\node.exe C:\Users\HP\AppData\Roaming\npm\node_modules\firebase-tools\lib\bin\firebase.js init
[debug] [2024-03-15T13:51:39.738Z] CLI Version:   13.5.1
[debug] [2024-03-15T13:51:39.738Z] Platform:      win32
[debug] [2024-03-15T13:51:39.738Z] Node Version:  v18.17.1
[debug] [2024-03-15T13:51:39.740Z] Time:          Fri Mar 15 2024 13:51:39 GMT+0000 (heure moyenne de Greenwich)
[debug] [2024-03-15T13:51:39.740Z] ----------------------------------------------------------------------
[debug] 
[debug] [2024-03-15T13:51:39.754Z] > command requires scopes: ["email","openid","https://www.googleapis.com/auth/cloudplatformprojects.readonly","https://www.googleapis.com/auth/firebase","https://www.googleapis.com/auth/cloud-platform"]
[debug] [2024-03-15T13:51:39.755Z] > authorizing via signed-in user (augustinselete01@gmail.com)
[info] 
     ######## #### ########  ######## ########     ###     ######  ########
     ##        ##  ##     ## ##       ##     ##  ##   ##  ##       ##
     ######    ##  ########  ######   ########  #########  ######  ######
     ##        ##  ##    ##  ##       ##     ## ##     ##       ## ##
     ##       #### ##     ## ######## ########  ##     ##  ######  ########

You're about to initialize a Firebase project in this directory:

  C:\Users\HP\myproject

[info] 
=== Project Setup
[info] 
[info] First, let's associate this project directory with a Firebase project.
[info] You can create multiple project aliases by running firebase use --add, 
[info] but for now we'll just set up a default project.
[info] 
[debug] [2024-03-15T13:51:48.947Z] >>> [apiv2][query] GET https://firebase.googleapis.com/v1beta1/projects pageSize=100
[debug] [2024-03-15T13:51:51.788Z] <<< [apiv2][status] GET https://firebase.googleapis.com/v1beta1/projects 200
[debug] [2024-03-15T13:51:51.788Z] <<< [apiv2][body] GET https://firebase.googleapis.com/v1beta1/projects [omitted]
[info] i  Using project chat-app-project-fffa7 (chat-app-project) 
[info] 
=== Database Setup
[info] i  database: ensuring required API firebasedatabase.googleapis.com is enabled... 
[debug] [2024-03-15T13:51:55.923Z] >>> [apiv2][query] GET https://serviceusage.googleapis.com/v1/projects/chat-app-project-fffa7/services/firebasedatabase.googleapis.com [none]
[debug] [2024-03-15T13:51:55.924Z] >>> [apiv2][(partial)header] GET https://serviceusage.googleapis.com/v1/projects/chat-app-project-fffa7/services/firebasedatabase.googleapis.com x-goog-quota-user=projects/chat-app-project-fffa7
[debug] [2024-03-15T13:52:02.769Z] <<< [apiv2][status] GET https://serviceusage.googleapis.com/v1/projects/chat-app-project-fffa7/services/firebasedatabase.googleapis.com 200
[debug] [2024-03-15T13:52:02.769Z] <<< [apiv2][body] GET https://serviceusage.googleapis.com/v1/projects/chat-app-project-fffa7/services/firebasedatabase.googleapis.com [omitted]
[info] +  database: required API firebasedatabase.googleapis.com is enabled 
[info] 
[debug] [2024-03-15T13:52:02.772Z] >>> [apiv2][query] GET https://firebasedatabase.googleapis.com/v1beta/projects/chat-app-project-fffa7/locations/-/instances/chat-app-project-fffa7-default-rtdb [none]
[debug] [2024-03-15T13:52:12.779Z] *** [apiv2] error from fetch(https://firebasedatabase.googleapis.com/v1beta/projects/chat-app-project-fffa7/locations/-/instances/chat-app-project-fffa7-default-rtdb, {"headers":{},"method":"GET","signal":{}}): AbortError: The user aborted a request.
[debug] [2024-03-15T13:52:12.779Z] Timeout reached making request to https://firebasedatabase.googleapis.com/v1beta/projects/chat-app-project-fffa7/locations/-/instances/chat-app-project-fffa7-default-rtdb
[debug] [2024-03-15T13:52:17.792Z] Error: Timed out.
    at Timeout._onTimeout (C:\Users\HP\AppData\Roaming\npm\node_modules\firebase-tools\lib\utils.js:258:49)
    at listOnTimeout (node:internal/timers:569:17)
    at process.processTimers (node:internal/timers:512:7)
[error] 
[error] Error: An unexpected error has occurred.
